{"name": "test_fail_2", "status": "skipped", "statusDetails": {"message": "XFAIL\n\nAssertionError: assert False", "trace": "@pytest.mark.xfail\n    def test_fail_2():\n>       assert False\nE       assert False\n\nPytestSamples\\test_Demo_selectorDiselect.py:27: AssertionError"}, "start": 1662321414951, "stop": 1662321414951, "uuid": "71726f96-1de3-4d55-a0b4-537a36daeb8a", "historyId": "d444c718149b8e41a1cc7cd6ef7bfc9d", "testCaseId": "52b99ca64179a95d08e9f15c7934d0f4", "fullName": "PytestSamples.test_Demo_selectorDiselect#test_fail_2", "labels": [{"name": "tag", "value": "@pytest.mark.xfail"}, {"name": "parentSuite", "value": "PytestSamples"}, {"name": "suite", "value": "test_Demo_selectorDiselect"}, {"name": "host", "value": "DESKTOP-U63UI4D"}, {"name": "thread", "value": "12768-MainThread"}, {"name": "framework", "value": "pytest"}, {"name": "language", "value": "cpython3"}, {"name": "package", "value": "PytestSamples.test_Demo_selectorDiselect"}]}