{"name": "test_fail_1", "status": "skipped", "statusDetails": {"message": "XFAIL\n\nAssertionError: assert False", "trace": "@pytest.mark.xfail\n    def test_fail_1():\n>       assert False\nE       assert False\n\nPytestSamples\\test_Demo_selectorDiselect.py:24: AssertionError"}, "start": 1662321414945, "stop": 1662321414945, "uuid": "a18fa278-9d61-4363-88f6-bc21d687c041", "historyId": "3aeee327075c54f092565ec5d2b6ef34", "testCaseId": "9eb1ce22b23e8759624c60046c32d98e", "fullName": "PytestSamples.test_Demo_selectorDiselect#test_fail_1", "labels": [{"name": "tag", "value": "@pytest.mark.xfail"}, {"name": "parentSuite", "value": "PytestSamples"}, {"name": "suite", "value": "test_Demo_selectorDiselect"}, {"name": "host", "value": "DESKTOP-U63UI4D"}, {"name": "thread", "value": "12768-MainThread"}, {"name": "framework", "value": "pytest"}, {"name": "language", "value": "cpython3"}, {"name": "package", "value": "PytestSamples.test_Demo_selectorDiselect"}]}