{"name": "test_fail_1", "status": "skipped", "statusDetails": {"message": "XFAIL\n\nAssertionError: assert False", "trace": "@pytest.mark.xfail\n    def test_fail_1():\n>       assert False\nE       assert False\n\nPytestSamples\\test_AllureReports.py:23: AssertionError"}, "start": 1662321414850, "stop": 1662321414850, "uuid": "69653567-ffd0-48ce-9105-10da363f7f62", "historyId": "723e392552740bbb38029dc99aea19b7", "testCaseId": "43b3216b291e0f7a949791777ef7f584", "fullName": "PytestSamples.test_AllureReports#test_fail_1", "labels": [{"name": "tag", "value": "@pytest.mark.xfail"}, {"name": "parentSuite", "value": "PytestSamples"}, {"name": "suite", "value": "test_AllureReports"}, {"name": "host", "value": "DESKTOP-U63UI4D"}, {"name": "thread", "value": "12768-MainThread"}, {"name": "framework", "value": "pytest"}, {"name": "language", "value": "cpython3"}, {"name": "package", "value": "PytestSamples.test_AllureReports"}]}